#
# There is insufficient memory for the Java Runtime Environment to continue.
# Native memory allocation (malloc) failed to allocate 1048576 bytes for AllocateHeap
# Possible reasons:
#   The system is out of physical RAM or swap space
#   The process is running with CompressedOops enabled, and the Java Heap may be blocking the growth of the native heap
# Possible solutions:
#   Reduce memory load on the system
#   Increase physical memory or swap space
#   Check if swap backing store is full
#   Decrease Java heap size (-Xmx/-Xms)
#   Decrease number of Java threads
#   Decrease Java thread stack sizes (-Xss)
#   Set larger code cache with -XX:ReservedCodeCacheSize=
#   JVM is running with Unscaled Compressed Oops mode in which the Java heap is
#     placed in the first 4GB address space. The Java Heap base address is the
#     maximum limit for the native heap growth. Please use -XX:HeapBaseMinAddress
#     to set the Java Heap base and to place the Java Heap above 4GB virtual address.
# This output file may be truncated or incomplete.
#
#  Out of Memory Error (memory/allocation.inline.hpp:61), pid=1360, tid=0x0000000000000194
#
# JRE version:  (8.0_251-b08) (build )
# Java VM: Java HotSpot(TM) 64-Bit Server VM (25.251-b08 mixed mode windows-amd64 compressed oops)
# Failed to write core dump. Minidumps are not enabled by default on client versions of Windows
#

---------------  T H R E A D  ---------------

Current thread (0x000000000292d800):  JavaThread "Unknown thread" [_thread_in_vm, id=404, stack(0x00000000027d0000,0x00000000028d0000)]

Stack: [0x00000000027d0000,0x00000000028d0000]
[error occurred during error reporting (printing stack bounds), id 0xc0000005]

Native frames: (J=compiled Java code, j=interpreted, Vv=VM code, C=native code)


---------------  P R O C E S S  ---------------

Java Threads: ( => current thread )

Other Threads:

=>0x000000000292d800 (exited) JavaThread "Unknown thread" [_thread_in_vm, id=404, stack(0x00000000027d0000,0x00000000028d0000)]

VM state:not at safepoint (normal execution)

VM Mutex/Monitor currently owned by a thread: None

heap address: 0x0000000081a00000, size: 2022 MB, Compressed Oops mode: 32-bit
Narrow klass base: 0x0000000000000000, Narrow klass shift: 3
Compressed class space size: 1073741824 Address: 0x0000000100000000

Heap:
 PSYoungGen      total 38400K, used 665K [0x00000000d5e00000, 0x00000000d8880000, 0x0000000100000000)
  eden space 33280K, 2% used [0x00000000d5e00000,0x00000000d5ea6670,0x00000000d7e80000)
  from space 5120K, 0% used [0x00000000d8380000,0x00000000d8380000,0x00000000d8880000)
  to   space 5120K, 0% used [0x00000000d7e80000,0x00000000d7e80000,0x00000000d8380000)
 ParOldGen       total 87552K, used 0K [0x0000000081a00000, 0x0000000086f80000, 0x00000000d5e00000)
  object space 87552K, 0% used [0x0000000081a00000,0x0000000081a00000,0x0000000086f80000)
 Metaspace       used 752K, capacity 4480K, committed 4480K, reserved 1056768K
  class space    used 76K, capacity 384K, committed 384K, reserved 1048576K

Card table byte_map: [0x0000000011df0000,0x00000000121f0000] byte_map_base: 0x00000000119e3000

Marking Bits: (ParMarkBitMap*) 0x000000007006af90
 Begin Bits: [0x0000000012ca0000, 0x0000000014c38000)
 End Bits:   [0x0000000014c38000, 0x0000000016bd0000)

Polling page: 0x0000000002790000

CodeCache: size=245760Kb used=328Kb max_used=328Kb free=245431Kb
 bounds [0x0000000002a30000, 0x0000000002ca0000, 0x0000000011a30000]
 total_blobs=58 nmethods=0 adapters=38
 compilation: enabled

Compilation events (0 events):
No events

GC Heap History (0 events):
No events

Deoptimization events (0 events):
No events

Classes redefined (0 events):
No events

Internal exceptions (0 events):
No events

Events (10 events):
Event: 0.025 loading class java/lang/Short
Event: 0.025 loading class java/lang/Short done
Event: 0.025 loading class java/lang/Integer
Event: 0.025 loading class java/lang/Integer done
Event: 0.025 loading class java/lang/Long
Event: 0.025 loading class java/lang/Long done
Event: 0.026 loading class java/lang/NullPointerException
Event: 0.026 loading class java/lang/NullPointerException done
Event: 0.026 loading class java/lang/ArithmeticException
Event: 0.026 loading class java/lang/ArithmeticException done


Dynamic libraries:
0x00007ff63acc0000 - 0x00007ff63acf7000 	C:\Program Files\Java\jre1.8.0_251\bin\javaw.exe
0x00007ff875250000 - 0x00007ff875445000 	C:\Windows\SYSTEM32\ntdll.dll
0x00007ff869ce0000 - 0x00007ff869cf3000 	C:\Program Files\Avast Software\Avast\aswhook.dll
0x00007ff873950000 - 0x00007ff873a0d000 	C:\Windows\System32\KERNEL32.DLL
0x00007ff872e90000 - 0x00007ff873158000 	C:\Windows\System32\KERNELBASE.dll
0x00007ff873dd0000 - 0x00007ff873e7c000 	C:\Windows\System32\ADVAPI32.dll
0x00007ff873360000 - 0x00007ff8733fe000 	C:\Windows\System32\msvcrt.dll
0x00007ff8732c0000 - 0x00007ff87335b000 	C:\Windows\System32\sechost.dll
0x00007ff8748d0000 - 0x00007ff8749fb000 	C:\Windows\System32\RPCRT4.dll
0x00007ff873730000 - 0x00007ff8738d0000 	C:\Windows\System32\USER32.dll
0x00007ff872e30000 - 0x00007ff872e52000 	C:\Windows\System32\win32u.dll
0x00007ff874cc0000 - 0x00007ff874cea000 	C:\Windows\System32\GDI32.dll
0x00007ff8729e0000 - 0x00007ff872aeb000 	C:\Windows\System32\gdi32full.dll
0x00007ff872b80000 - 0x00007ff872c1d000 	C:\Windows\System32\msvcp_win.dll
0x00007ff872c20000 - 0x00007ff872d20000 	C:\Windows\System32\ucrtbase.dll
0x00007ff862990000 - 0x00007ff862c2a000 	C:\Windows\WinSxS\amd64_microsoft.windows.common-controls_6595b64144ccf1df_6.0.19041.1052_none_60b8f8fd71f5e8cb\COMCTL32.dll
0x00007ff873700000 - 0x00007ff873730000 	C:\Windows\System32\IMM32.DLL
0x000000006f760000 - 0x000000006f832000 	C:\Program Files\Java\jre1.8.0_251\bin\msvcr100.dll
0x000000006f840000 - 0x00000000700eb000 	C:\Program Files\Java\jre1.8.0_251\bin\server\jvm.dll
0x00007ff8748b0000 - 0x00007ff8748b8000 	C:\Windows\System32\PSAPI.DLL
0x00007ff859640000 - 0x00007ff859649000 	C:\Windows\SYSTEM32\WSOCK32.dll
0x00007ff86c3f0000 - 0x00007ff86c3fa000 	C:\Windows\SYSTEM32\VERSION.dll
0x00007ff86a2c0000 - 0x00007ff86a2e7000 	C:\Windows\SYSTEM32\WINMM.dll
0x00007ff874840000 - 0x00007ff8748ab000 	C:\Windows\System32\WS2_32.dll
0x00007ff868460000 - 0x00007ff86846f000 	C:\Program Files\Java\jre1.8.0_251\bin\verify.dll
0x00007ff868360000 - 0x00007ff868389000 	C:\Program Files\Java\jre1.8.0_251\bin\java.dll
0x00007ff868340000 - 0x00007ff868356000 	C:\Program Files\Java\jre1.8.0_251\bin\zip.dll

VM Arguments:
jvm_args: -Dfile.encoding=Cp1253 
java_command: Main
java_class_path (initial): C:\Users\LENOVO\Documents\BsnMedia\bin;C:\Users\LENOVO\Documents\BsnMedia\lib\activation.jar;C:\Users\LENOVO\Documents\BsnMedia\lib\mail.jar
Launcher Type: SUN_STANDARD

Environment Variables:
PATH=C:/Program Files/Java/jre1.8.0_251/bin/server;C:/Program Files/Java/jre1.8.0_251/bin;C:/Program Files/Java/jre1.8.0_251/lib/amd64;C:\Program Files (x86)\Common Files\Oracle\Java\javapath;C:\Windows\system32;C:\Windows;C:\Windows\System32\Wbem;C:\Windows\System32\WindowsPowerShell\v1.0\;C:\Windows\System32\OpenSSH\;C:\Users\LENOVO\AppData\Local\Microsoft\WindowsApps;;C:\Users\LENOVO\AppData\Local\Programs\Microsoft VS Code\bin;C:\Windows\System32;
USERNAME=LENOVO
OS=Windows_NT
PROCESSOR_IDENTIFIER=Intel64 Family 6 Model 158 Stepping 9, GenuineIntel



---------------  S Y S T E M  ---------------

OS: Windows 10.0 , 64 bit Build 19041 (10.0.19041.1023)

CPU:total 8 (initial active 8) (4 cores per cpu, 2 threads per core) family 6 model 158 stepping 9, cmov, cx8, fxsr, mmx, sse, sse2, sse3, ssse3, sse4.1, sse4.2, popcnt, avx, avx2, aes, clmul, erms, 3dnowpref, lzcnt, ht, tsc, tscinvbit, bmi1, bmi2, adx

Memory: 4k page, physical 8278180k(1182460k free), swap 33444004k(4512k free)

vm_info: Java HotSpot(TM) 64-Bit Server VM (25.251-b08) for windows-amd64 JRE (1.8.0_251-b08), built on Mar 12 2020 06:31:49 by "" with MS VC++ 10.0 (VS2010)

time: Sat Jun 12 13:29:00 2021
timezone: Θερινή ώρα GTB
elapsed time: 0 seconds (0d 0h 0m 0s)

